<?xml version="1.0" encoding="UTF-8"?>
<!-- Generated by org.testng.reporters.JUnitReportReporter -->
<testsuite hostname="DESKTOP-DGABIPT" failures="0" tests="1" name="com.cap.testrunner99.TestNGRunner" time="60.322" errors="0" timestamp="2022-05-19T12:25:25 IST" skipped="0">
  <testcase classname="com.cap.testrunner99.TestNGRunner" name="runScenario" time="60.322"/>
  <system-out/>
</testsuite> <!-- com.cap.testrunner99.TestNGRunner -->
